<?xml version="1.0" encoding="UTF-8"?>
<!-- Generated by org.testng.reporters.JUnitReportReporter -->
<testsuite name="com.rohini.rental.CarUnitTest" tests="1" time="0.016" ignored="0" failures="0" timestamp="22 Feb 2019 07:06:22 GMT" skipped="0" hostname="Rohini" errors="0">
  <testcase name="highestRevenueCar" time="0.016" classname="com.rohini.rental.CarUnitTest"/>
</testsuite> <!-- com.rohini.rental.CarUnitTest -->
